2024-05-24 18:23:10,986.bonus_emitter_of_tasks.INFO ==================================================
2024-05-24 18:23:10,987.bonus_emitter_of_tasks.INFO Today is 2024-05-24 at 06:23 PM
2024-05-24 18:23:10,987.bonus_emitter_of_tasks.INFO Running on: nt Windows 11
2024-05-24 18:23:10,987.bonus_emitter_of_tasks.INFO Python version:  3.12.2
2024-05-24 18:23:10,987.bonus_emitter_of_tasks.INFO Python path: C:\Users\derek\OneDrive\Documents\Streaming Data\Week 4\streaming-04-bonus-dgraves\.venv
2024-05-24 18:23:10,987.bonus_emitter_of_tasks.INFO Working dir: C:\Users\derek\OneDrive\Documents\Streaming Data\Week 4\streaming-04-bonus-dgraves
2024-05-24 18:23:10,987.bonus_emitter_of_tasks.INFO ==================================================
2024-05-24 18:23:10,999.bonus_emitter_of_tasks.INFO Sent Acrocephalus scirpaceus to scientific_name_queue
2024-05-24 18:23:11,007.bonus_emitter_of_tasks.INFO Sent Eurasian Reed Warbler to common_name_queue
2024-05-24 18:23:11,014.bonus_emitter_of_tasks.INFO Sent 0 to target_h5_hpai_queue
2024-05-24 18:23:12,020.bonus_emitter_of_tasks.INFO Sent Acrocephalus scirpaceus to scientific_name_queue
2024-05-24 18:23:12,026.bonus_emitter_of_tasks.INFO Sent Eurasian Reed Warbler to common_name_queue
2024-05-24 18:23:12,032.bonus_emitter_of_tasks.INFO Sent 0 to target_h5_hpai_queue
2024-05-24 18:23:13,039.bonus_emitter_of_tasks.INFO Sent Limosa haemastica to scientific_name_queue
2024-05-24 18:23:13,045.bonus_emitter_of_tasks.INFO Sent Hudsonian Godwit to common_name_queue
2024-05-24 18:23:13,050.bonus_emitter_of_tasks.INFO Sent 0 to target_h5_hpai_queue
2024-05-24 18:23:14,059.bonus_emitter_of_tasks.INFO Sent Limosa haemastica to scientific_name_queue
2024-05-24 18:23:14,065.bonus_emitter_of_tasks.INFO Sent Hudsonian Godwit to common_name_queue
2024-05-24 18:23:14,071.bonus_emitter_of_tasks.INFO Sent 0 to target_h5_hpai_queue
2024-05-24 18:23:15,077.bonus_emitter_of_tasks.INFO Sent Limosa haemastica to scientific_name_queue
2024-05-24 18:23:15,084.bonus_emitter_of_tasks.INFO Sent Hudsonian Godwit to common_name_queue
2024-05-24 18:23:15,089.bonus_emitter_of_tasks.INFO Sent 0 to target_h5_hpai_queue
2024-05-24 18:23:16,095.bonus_emitter_of_tasks.INFO Sent Muscicapa striata to scientific_name_queue
2024-05-24 18:23:16,103.bonus_emitter_of_tasks.INFO Sent Spotted Flycatcher to common_name_queue
2024-05-24 18:23:16,109.bonus_emitter_of_tasks.INFO Sent 0 to target_h5_hpai_queue
2024-05-24 18:23:17,116.bonus_emitter_of_tasks.INFO Sent Larus canus to scientific_name_queue
2024-05-24 18:23:17,123.bonus_emitter_of_tasks.INFO Sent Mew Gull to common_name_queue
2024-05-24 18:23:17,130.bonus_emitter_of_tasks.INFO Sent 1 to target_h5_hpai_queue
2024-05-24 18:23:18,138.bonus_emitter_of_tasks.INFO Sent Corvus frugilegus to scientific_name_queue
2024-05-24 18:23:18,144.bonus_emitter_of_tasks.INFO Sent Rook to common_name_queue
2024-05-24 18:23:18,150.bonus_emitter_of_tasks.INFO Sent 0 to target_h5_hpai_queue
2024-05-24 18:23:19,157.bonus_emitter_of_tasks.INFO Sent Larus argentatus to scientific_name_queue
2024-05-24 18:23:19,164.bonus_emitter_of_tasks.INFO Sent Herring Gull to common_name_queue
2024-05-24 18:23:19,171.bonus_emitter_of_tasks.INFO Sent 0 to target_h5_hpai_queue
2024-05-24 18:23:20,177.bonus_emitter_of_tasks.INFO Sent Corvus frugilegus to scientific_name_queue
2024-05-24 18:23:20,183.bonus_emitter_of_tasks.INFO Sent Rook to common_name_queue
2024-05-24 18:23:20,190.bonus_emitter_of_tasks.INFO Sent 0 to target_h5_hpai_queue
2024-05-24 18:23:21,198.bonus_emitter_of_tasks.INFO Sent Corvus monedula to scientific_name_queue
2024-05-24 18:23:21,205.bonus_emitter_of_tasks.INFO Sent Eurasian Jackdaw to common_name_queue
2024-05-24 18:23:21,212.bonus_emitter_of_tasks.INFO Sent 0 to target_h5_hpai_queue
2024-05-24 18:23:22,220.bonus_emitter_of_tasks.INFO Sent Erithacus rubecula to scientific_name_queue
2024-05-24 18:23:22,227.bonus_emitter_of_tasks.INFO Sent European Robin to common_name_queue
2024-05-24 18:23:22,234.bonus_emitter_of_tasks.INFO Sent 0 to target_h5_hpai_queue
2024-05-24 18:23:23,243.bonus_emitter_of_tasks.INFO Sent Ardea cinerea to scientific_name_queue
2024-05-24 18:23:23,251.bonus_emitter_of_tasks.INFO Sent Gray Heron to common_name_queue
2024-05-24 18:23:23,258.bonus_emitter_of_tasks.INFO Sent 1 to target_h5_hpai_queue
2024-05-24 18:23:24,267.bonus_emitter_of_tasks.INFO Sent Corvus monedula to scientific_name_queue
2024-05-24 18:23:24,276.bonus_emitter_of_tasks.INFO Sent Eurasian Jackdaw to common_name_queue
2024-05-24 18:23:24,284.bonus_emitter_of_tasks.INFO Sent 0 to target_h5_hpai_queue
2024-05-24 18:23:25,291.bonus_emitter_of_tasks.INFO Sent Cygnus olor to scientific_name_queue
2024-05-24 18:23:25,298.bonus_emitter_of_tasks.INFO Sent Mute Swan to common_name_queue
2024-05-24 18:23:25,304.bonus_emitter_of_tasks.INFO Sent 1 to target_h5_hpai_queue
2024-05-24 18:23:26,312.bonus_emitter_of_tasks.INFO Sent Ardea cinerea to scientific_name_queue
2024-05-24 18:23:26,319.bonus_emitter_of_tasks.INFO Sent Gray Heron to common_name_queue
2024-05-24 18:23:26,325.bonus_emitter_of_tasks.INFO Sent 1 to target_h5_hpai_queue
2024-05-24 18:23:27,332.bonus_emitter_of_tasks.INFO Sent Cygnus olor to scientific_name_queue
2024-05-24 18:23:27,339.bonus_emitter_of_tasks.INFO Sent Mute Swan to common_name_queue
2024-05-24 18:23:27,345.bonus_emitter_of_tasks.INFO Sent 1 to target_h5_hpai_queue
2024-05-24 18:23:28,355.bonus_emitter_of_tasks.INFO Sent Alca torda to scientific_name_queue
2024-05-24 18:23:28,362.bonus_emitter_of_tasks.INFO Sent Razorbill to common_name_queue
2024-05-24 18:23:28,368.bonus_emitter_of_tasks.INFO Sent 0 to target_h5_hpai_queue
2024-05-24 18:23:29,375.bonus_emitter_of_tasks.INFO Sent Motacilla cinerea to scientific_name_queue
2024-05-24 18:23:29,384.bonus_emitter_of_tasks.INFO Sent Gray Wagtail to common_name_queue
2024-05-24 18:23:29,391.bonus_emitter_of_tasks.INFO Sent 0 to target_h5_hpai_queue
2024-05-24 18:23:30,400.bonus_emitter_of_tasks.INFO Sent Motacilla alba to scientific_name_queue
2024-05-24 18:23:30,406.bonus_emitter_of_tasks.INFO Sent White Wagtail to common_name_queue
2024-05-24 18:23:30,414.bonus_emitter_of_tasks.INFO Sent 0 to target_h5_hpai_queue
2024-05-24 18:23:31,421.bonus_emitter_of_tasks.INFO Sent Erithacus rubecula to scientific_name_queue
2024-05-24 18:23:31,428.bonus_emitter_of_tasks.INFO Sent European Robin to common_name_queue
2024-05-24 18:23:31,434.bonus_emitter_of_tasks.INFO Sent 0 to target_h5_hpai_queue
2024-05-24 18:23:32,441.bonus_emitter_of_tasks.INFO Sent Corvus monedula to scientific_name_queue
2024-05-24 18:23:32,448.bonus_emitter_of_tasks.INFO Sent Eurasian Jackdaw to common_name_queue
2024-05-24 18:23:32,454.bonus_emitter_of_tasks.INFO Sent 0 to target_h5_hpai_queue
2024-05-24 18:23:33,461.bonus_emitter_of_tasks.INFO Sent Sterna hirundo to scientific_name_queue
2024-05-24 18:23:33,468.bonus_emitter_of_tasks.INFO Sent Common Tern to common_name_queue
2024-05-24 18:23:33,476.bonus_emitter_of_tasks.INFO Sent 0 to target_h5_hpai_queue
2024-05-24 18:23:34,482.bonus_emitter_of_tasks.INFO Sent Sterna hirundo to scientific_name_queue
2024-05-24 18:23:34,489.bonus_emitter_of_tasks.INFO Sent Common Tern to common_name_queue
2024-05-24 18:23:34,497.bonus_emitter_of_tasks.INFO Sent 0 to target_h5_hpai_queue
2024-05-24 18:23:35,504.bonus_emitter_of_tasks.INFO Sent Chroicocephalus ridibundus to scientific_name_queue
2024-05-24 18:23:35,513.bonus_emitter_of_tasks.INFO Sent Black-headed Gull to common_name_queue
2024-05-24 18:23:35,519.bonus_emitter_of_tasks.INFO Sent 1 to target_h5_hpai_queue
2024-05-24 18:23:36,529.bonus_emitter_of_tasks.INFO Sent Erithacus rubecula to scientific_name_queue
2024-05-24 18:23:36,536.bonus_emitter_of_tasks.INFO Sent European Robin to common_name_queue
2024-05-24 18:23:36,544.bonus_emitter_of_tasks.INFO Sent 0 to target_h5_hpai_queue
2024-05-24 18:23:37,551.bonus_emitter_of_tasks.INFO Sent Regulus regulus to scientific_name_queue
2024-05-24 18:23:37,558.bonus_emitter_of_tasks.INFO Sent Goldcrest to common_name_queue
2024-05-24 18:23:37,564.bonus_emitter_of_tasks.INFO Sent 0 to target_h5_hpai_queue
2024-05-24 18:23:38,571.bonus_emitter_of_tasks.INFO Sent Phasianus colchicus to scientific_name_queue
2024-05-24 18:23:38,579.bonus_emitter_of_tasks.INFO Sent Ring-necked Pheasant to common_name_queue
2024-05-24 18:23:38,587.bonus_emitter_of_tasks.INFO Sent 0 to target_h5_hpai_queue
2024-05-24 18:23:39,595.bonus_emitter_of_tasks.INFO Sent Streptopelia decaocto to scientific_name_queue
2024-05-24 18:23:39,604.bonus_emitter_of_tasks.INFO Sent Eurasian Collared-Dove to common_name_queue
2024-05-24 18:23:39,611.bonus_emitter_of_tasks.INFO Sent 0 to target_h5_hpai_queue
2024-05-24 18:23:40,618.bonus_emitter_of_tasks.INFO Sent Corvus monedula to scientific_name_queue
2024-05-24 18:23:40,624.bonus_emitter_of_tasks.INFO Sent Eurasian Jackdaw to common_name_queue
2024-05-24 18:23:40,632.bonus_emitter_of_tasks.INFO Sent 0 to target_h5_hpai_queue
2024-05-24 18:23:41,639.bonus_emitter_of_tasks.INFO Sent Muscicapa striata to scientific_name_queue
2024-05-24 18:23:41,646.bonus_emitter_of_tasks.INFO Sent Spotted Flycatcher to common_name_queue
2024-05-24 18:23:41,653.bonus_emitter_of_tasks.INFO Sent 0 to target_h5_hpai_queue
2024-05-24 18:23:42,662.bonus_emitter_of_tasks.INFO Sent Troglodytes troglodytes to scientific_name_queue
2024-05-24 18:23:42,669.bonus_emitter_of_tasks.INFO Sent Eurasian Wren to common_name_queue
2024-05-24 18:23:42,677.bonus_emitter_of_tasks.INFO Sent 0 to target_h5_hpai_queue
2024-05-24 18:23:43,685.bonus_emitter_of_tasks.INFO Sent Troglodytes troglodytes to scientific_name_queue
2024-05-24 18:23:43,692.bonus_emitter_of_tasks.INFO Sent Eurasian Wren to common_name_queue
2024-05-24 18:23:43,699.bonus_emitter_of_tasks.INFO Sent 0 to target_h5_hpai_queue
2024-05-24 18:23:44,722.bonus_emitter_of_tasks.INFO Sent Muscicapa striata to scientific_name_queue
2024-05-24 18:23:44,729.bonus_emitter_of_tasks.INFO Sent Spotted Flycatcher to common_name_queue
2024-05-24 18:23:44,737.bonus_emitter_of_tasks.INFO Sent 0 to target_h5_hpai_queue
2024-05-24 18:23:45,744.bonus_emitter_of_tasks.INFO Sent Phasianus colchicus to scientific_name_queue
2024-05-24 18:23:45,751.bonus_emitter_of_tasks.INFO Sent Ring-necked Pheasant to common_name_queue
2024-05-24 18:23:45,758.bonus_emitter_of_tasks.INFO Sent 0 to target_h5_hpai_queue
2024-05-24 18:23:46,766.bonus_emitter_of_tasks.INFO Sent Fringilla coelebs to scientific_name_queue
2024-05-24 18:23:46,774.bonus_emitter_of_tasks.INFO Sent Common Chaffinch to common_name_queue
2024-05-24 18:23:46,780.bonus_emitter_of_tasks.INFO Sent 0 to target_h5_hpai_queue
2024-05-24 18:23:47,789.bonus_emitter_of_tasks.INFO Sent Fringilla coelebs to scientific_name_queue
2024-05-24 18:23:47,796.bonus_emitter_of_tasks.INFO Sent Common Chaffinch to common_name_queue
2024-05-24 18:23:47,803.bonus_emitter_of_tasks.INFO Sent 0 to target_h5_hpai_queue
2024-05-24 18:23:48,810.bonus_emitter_of_tasks.INFO Sent Columba palumbus to scientific_name_queue
2024-05-24 18:23:48,818.bonus_emitter_of_tasks.INFO Sent Common Wood-Pigeon to common_name_queue
2024-05-24 18:23:48,825.bonus_emitter_of_tasks.INFO Sent 0 to target_h5_hpai_queue
